  main.cpp
C:\Work\IOCP_Server\MyOmok\IOCompletionPort.h(12,13): error C2065: 'stClientInfo': 선언되지 않은 식별자입니다.
  (소스 파일 'main.cpp'을(를) 컴파일하는 중)
  
C:\Work\IOCP_Server\MyOmok\IOCompletionPort.h(12,6): error C2923: 'std::vector': 'stClientInfo'은(는) '_Ty' 매개 변수에 대한 올바른 템플릿 형식 인수가 아닙니다.
  (소스 파일 'main.cpp'을(를) 컴파일하는 중)
      C:\Work\IOCP_Server\MyOmok\IOCompletionPort.h(12,13):
      'stClientInfo' 선언을 참조하십시오.
  
C:\Work\IOCP_Server\MyOmok\IOCompletionPort.h(12,6): error C2976: 'std::vector': 템플릿 인수가 너무 적습니다.
  (소스 파일 'main.cpp'을(를) 컴파일하는 중)
      C:\Program Files\Microsoft Visual Studio\2022\Community\VC\Tools\MSVC\14.38.33130\include\vector(436,1):
      'std::vector' 선언을 참조하십시오.
  
C:\Work\IOCP_Server\MyOmok\IOCompletionPort.h(12,27): error C2133: 'mClientInfos': 알 수 없는 크기입니다.
  (소스 파일 'main.cpp'을(를) 컴파일하는 중)
  
C:\Work\IOCP_Server\MyOmok\IOCompletionPort.h(12,27): error C2512: 'std::vector': 사용할 수 있는 적절한 기본 생성자가 없습니다.
  (소스 파일 'main.cpp'을(를) 컴파일하는 중)
      C:\Program Files\Microsoft Visual Studio\2022\Community\VC\Tools\MSVC\14.38.33130\include\vector(436,1):
      'std::vector' 선언을 참조하십시오.
  
C:\Work\IOCP_Server\MyOmok\IOCompletionPort.h(200,16): error C2662: 'decltype(auto) std::vector<_Ty,_Alloc>::emplace_back<>(void)': 'this' 포인터를 'std::vector'에서 'std::vector<_Ty,_Alloc> &'(으)로 변환할 수 없습니다.
  (소스 파일 'main.cpp'을(를) 컴파일하는 중)
      C:\Work\IOCP_Server\MyOmok\IOCompletionPort.h(200,4):
      원인: 'std::vector'에서 'std::vector<_Ty,_Alloc>'(으)로 변환할 수 없습니다.
      C:\Work\IOCP_Server\MyOmok\IOCompletionPort.h(200,4):
      변환하려면 둘째 사용자 정의 변환 연산자 또는 생성자가 있어야 합니다.
      C:\Program Files\Microsoft Visual Studio\2022\Community\VC\Tools\MSVC\14.38.33130\include\vector(860,33):
      'std::vector<_Ty,_Alloc>::emplace_back' 선언을 참조하십시오.
      C:\Work\IOCP_Server\MyOmok\IOCompletionPort.h(200,16):
      인수 목록 '()'을(를) 일치시키는 동안
  
C:\Work\IOCP_Server\MyOmok\IOCompletionPort.h(230,23): error C2663: 'std::vector<_Ty,_Alloc>::_Unchecked_begin': 오버로드된 함수에 'this' 포인터에 대한 유효한 변환이 없습니다.
  (소스 파일 'main.cpp'을(를) 컴파일하는 중)
      C:\Program Files\Microsoft Visual Studio\2022\Community\VC\Tools\MSVC\14.38.33130\include\vector(1858,43):
      'allocator_traits<allocator_traits<_Alloc>::rebind_alloc<_Ty>>::const_pointer std::vector<_Ty,_Alloc>::_Unchecked_begin(void) noexcept const'일 수 있습니다.
          C:\Work\IOCP_Server\MyOmok\IOCompletionPort.h(230,23):
          'allocator_traits<allocator_traits<_Alloc>::rebind_alloc<_Ty>>::const_pointer std::vector<_Ty,_Alloc>::_Unchecked_begin(void) noexcept const': 'this' 포인터를 'std::vector'에서 'const std::vector<_Ty,_Alloc> &'(으)로 변환할 수 없습니다.
              C:\Work\IOCP_Server\MyOmok\IOCompletionPort.h(230,23):
              원인: 'std::vector'에서 'const std::vector<_Ty,_Alloc>'(으)로 변환할 수 없습니다.
              C:\Work\IOCP_Server\MyOmok\IOCompletionPort.h(230,23):
              변환하려면 둘째 사용자 정의 변환 연산자 또는 생성자가 있어야 합니다.
      C:\Program Files\Microsoft Visual Studio\2022\Community\VC\Tools\MSVC\14.38.33130\include\vector(1854,37):
      또는       'allocator_traits<allocator_traits<_Alloc>::rebind_alloc<_Ty>>::pointer std::vector<_Ty,_Alloc>::_Unchecked_begin(void) noexcept'
          C:\Work\IOCP_Server\MyOmok\IOCompletionPort.h(230,23):
          'allocator_traits<allocator_traits<_Alloc>::rebind_alloc<_Ty>>::pointer std::vector<_Ty,_Alloc>::_Unchecked_begin(void) noexcept': 'this' 포인터를 'std::vector'에서 'std::vector<_Ty,_Alloc> &'(으)로 변환할 수 없습니다.
              C:\Work\IOCP_Server\MyOmok\IOCompletionPort.h(230,23):
              원인: 'std::vector'에서 'std::vector<_Ty,_Alloc>'(으)로 변환할 수 없습니다.
              C:\Work\IOCP_Server\MyOmok\IOCompletionPort.h(230,23):
              변환하려면 둘째 사용자 정의 변환 연산자 또는 생성자가 있어야 합니다.
      C:\Work\IOCP_Server\MyOmok\IOCompletionPort.h(230,23):
      인수 목록 '()'을(를) 일치시키는 동안
  
C:\Work\IOCP_Server\MyOmok\IOCompletionPort.h(230,23): error C2663: 'std::vector<_Ty,_Alloc>::_Unchecked_end': 오버로드된 함수에 'this' 포인터에 대한 유효한 변환이 없습니다.
  (소스 파일 'main.cpp'을(를) 컴파일하는 중)
      C:\Program Files\Microsoft Visual Studio\2022\Community\VC\Tools\MSVC\14.38.33130\include\vector(1866,43):
      'allocator_traits<allocator_traits<_Alloc>::rebind_alloc<_Ty>>::const_pointer std::vector<_Ty,_Alloc>::_Unchecked_end(void) noexcept const'일 수 있습니다.
          C:\Work\IOCP_Server\MyOmok\IOCompletionPort.h(230,23):
          'allocator_traits<allocator_traits<_Alloc>::rebind_alloc<_Ty>>::const_pointer std::vector<_Ty,_Alloc>::_Unchecked_end(void) noexcept const': 'this' 포인터를 'std::vector'에서 'const std::vector<_Ty,_Alloc> &'(으)로 변환할 수 없습니다.
              C:\Work\IOCP_Server\MyOmok\IOCompletionPort.h(230,23):
              원인: 'std::vector'에서 'const std::vector<_Ty,_Alloc>'(으)로 변환할 수 없습니다.
              C:\Work\IOCP_Server\MyOmok\IOCompletionPort.h(230,23):
              변환하려면 둘째 사용자 정의 변환 연산자 또는 생성자가 있어야 합니다.
      C:\Program Files\Microsoft Visual Studio\2022\Community\VC\Tools\MSVC\14.38.33130\include\vector(1862,37):
      또는       'allocator_traits<allocator_traits<_Alloc>::rebind_alloc<_Ty>>::pointer std::vector<_Ty,_Alloc>::_Unchecked_end(void) noexcept'
          C:\Work\IOCP_Server\MyOmok\IOCompletionPort.h(230,23):
          'allocator_traits<allocator_traits<_Alloc>::rebind_alloc<_Ty>>::pointer std::vector<_Ty,_Alloc>::_Unchecked_end(void) noexcept': 'this' 포인터를 'std::vector'에서 'std::vector<_Ty,_Alloc> &'(으)로 변환할 수 없습니다.
              C:\Work\IOCP_Server\MyOmok\IOCompletionPort.h(230,23):
              원인: 'std::vector'에서 'std::vector<_Ty,_Alloc>'(으)로 변환할 수 없습니다.
              C:\Work\IOCP_Server\MyOmok\IOCompletionPort.h(230,23):
              변환하려면 둘째 사용자 정의 변환 연산자 또는 생성자가 있어야 합니다.
      C:\Work\IOCP_Server\MyOmok\IOCompletionPort.h(230,23):
      인수 목록 '()'을(를) 일치시키는 동안
  
